Copyright 1986-2017 Xilinx, Inc. All Rights Reserved.
-----------------------------------------------------------------------------------------------------------------------------------------------------------------------
| Tool Version : Vivado v.2017.3 (lin64) Build 2018833 Wed Oct  4 19:58:07 MDT 2017
| Date         : Mon Jul 16 17:16:35 2018
| Host         : hob-ThinkPad-T440 running 64-bit Ubuntu 16.04.4 LTS
| Command      : report_methodology -file thinpad_top_methodology_drc_routed.rpt -pb thinpad_top_methodology_drc_routed.pb -rpx thinpad_top_methodology_drc_routed.rpx
| Design       : thinpad_top
| Device       : xc7a100tfgg676-2L
| Speed File   : -2L
| Design State : Routed
-----------------------------------------------------------------------------------------------------------------------------------------------------------------------

Report Methodology

Table of Contents
-----------------
1. REPORT SUMMARY
2. REPORT DETAILS

1. REPORT SUMMARY
-----------------
            Netlist: netlist
          Floorplan: design_1
      Design limits: <entire design considered>
             Max violations: <unlimited>
             Violations found: 21
+-----------+----------+-------------------------------+------------+
| Rule      | Severity | Description                   | Violations |
+-----------+----------+-------------------------------+------------+
| TIMING-17 | Warning  | Non-clocked sequential cell   | 8          |
| TIMING-18 | Warning  | Missing input or output delay | 13         |
+-----------+----------+-------------------------------+------------+

2. REPORT DETAILS
-----------------
TIMING-17#1 Warning
Non-clocked sequential cell  
The clock pin number_reg[0]/C is not reached by a timing clock
Related violations: <none>

TIMING-17#2 Warning
Non-clocked sequential cell  
The clock pin number_reg[1]/C is not reached by a timing clock
Related violations: <none>

TIMING-17#3 Warning
Non-clocked sequential cell  
The clock pin number_reg[2]/C is not reached by a timing clock
Related violations: <none>

TIMING-17#4 Warning
Non-clocked sequential cell  
The clock pin number_reg[3]/C is not reached by a timing clock
Related violations: <none>

TIMING-17#5 Warning
Non-clocked sequential cell  
The clock pin number_reg[4]/C is not reached by a timing clock
Related violations: <none>

TIMING-17#6 Warning
Non-clocked sequential cell  
The clock pin number_reg[5]/C is not reached by a timing clock
Related violations: <none>

TIMING-17#7 Warning
Non-clocked sequential cell  
The clock pin number_reg[6]/C is not reached by a timing clock
Related violations: <none>

TIMING-17#8 Warning
Non-clocked sequential cell  
The clock pin number_reg[7]/C is not reached by a timing clock
Related violations: <none>

TIMING-18#1 Warning
Missing input or output delay  
An input delay is missing on rxd relative to clock(s) clk_50M
Related violations: <none>

TIMING-18#2 Warning
Missing input or output delay  
An output delay is missing on txd relative to clock(s) clk_50M
Related violations: <none>

TIMING-18#3 Warning
Missing input or output delay  
An output delay is missing on video_blue[0] relative to clock(s) clk_50M
Related violations: <none>

TIMING-18#4 Warning
Missing input or output delay  
An output delay is missing on video_blue[1] relative to clock(s) clk_50M
Related violations: <none>

TIMING-18#5 Warning
Missing input or output delay  
An output delay is missing on video_de relative to clock(s) clk_50M
Related violations: <none>

TIMING-18#6 Warning
Missing input or output delay  
An output delay is missing on video_green[0] relative to clock(s) clk_50M
Related violations: <none>

TIMING-18#7 Warning
Missing input or output delay  
An output delay is missing on video_green[1] relative to clock(s) clk_50M
Related violations: <none>

TIMING-18#8 Warning
Missing input or output delay  
An output delay is missing on video_green[2] relative to clock(s) clk_50M
Related violations: <none>

TIMING-18#9 Warning
Missing input or output delay  
An output delay is missing on video_hsync relative to clock(s) clk_50M
Related violations: <none>

TIMING-18#10 Warning
Missing input or output delay  
An output delay is missing on video_red[0] relative to clock(s) clk_50M
Related violations: <none>

TIMING-18#11 Warning
Missing input or output delay  
An output delay is missing on video_red[1] relative to clock(s) clk_50M
Related violations: <none>

TIMING-18#12 Warning
Missing input or output delay  
An output delay is missing on video_red[2] relative to clock(s) clk_50M
Related violations: <none>

TIMING-18#13 Warning
Missing input or output delay  
An output delay is missing on video_vsync relative to clock(s) clk_50M
Related violations: <none>


