Copyright 1986-2017 Xilinx, Inc. All Rights Reserved.
-------------------------------------------------------------------------------------------------------------------------------------------------
| Tool Version : Vivado v.2017.3 (lin64) Build 2018833 Wed Oct  4 19:58:07 MDT 2017
| Date         : Mon Jul 16 19:39:06 2018
| Host         : hob-ThinkPad-T440 running 64-bit Ubuntu 16.04.4 LTS
| Command      : report_timing_summary -file thinpad_top_timing_summary_routed.rpt -warn_on_violation -rpx thinpad_top_timing_summary_routed.rpx
| Design       : thinpad_top
| Device       : 7a100t-fgg676
| Speed File   : -2L  PRODUCTION 1.19 2017-08-11
-------------------------------------------------------------------------------------------------------------------------------------------------

Timing Summary Report

------------------------------------------------------------------------------------------------
| Timer Settings
| --------------
------------------------------------------------------------------------------------------------

  Enable Multi Corner Analysis               :  Yes
  Enable Pessimism Removal                   :  Yes
  Pessimism Removal Resolution               :  Nearest Common Node
  Enable Input Delay Default Clock           :  No
  Enable Preset / Clear Arcs                 :  No
  Disable Flight Delays                      :  No
  Ignore I/O Paths                           :  No
  Timing Early Launch at Borrowing Latches   :  false

  Corner  Analyze    Analyze    
  Name    Max Paths  Min Paths  
  ------  ---------  ---------  
  Slow    Yes        Yes        
  Fast    Yes        Yes        



check_timing report

Table of Contents
-----------------
1. checking no_clock
2. checking constant_clock
3. checking pulse_width_clock
4. checking unconstrained_internal_endpoints
5. checking no_input_delay
6. checking no_output_delay
7. checking multiple_clock
8. checking generated_clocks
9. checking loops
10. checking partial_input_delay
11. checking partial_output_delay
12. checking latch_loops

1. checking no_clock
--------------------
 There are 0 register/latch pins with no clock.


2. checking constant_clock
--------------------------
 There are 0 register/latch pins with constant_clock.


3. checking pulse_width_clock
-----------------------------
 There are 0 register/latch pins which need pulse_width check


4. checking unconstrained_internal_endpoints
--------------------------------------------
 There are 0 pins that are not constrained for maximum delay.

 There are 0 pins that are not constrained for maximum delay due to constant clock.


5. checking no_input_delay
--------------------------
 There are 49 input ports with no input delay specified. (HIGH)

 There are 0 input ports with no input delay but user has a false path constraint.


6. checking no_output_delay
---------------------------
 There are 41 ports with no output delay specified. (HIGH)

 There are 0 ports with no output delay but user has a false path constraint

 There are 0 ports with no output delay but with a timing clock defined on it or propagating through it


7. checking multiple_clock
--------------------------
 There are 0 register/latch pins with multiple clocks.


8. checking generated_clocks
----------------------------
 There are 0 generated clocks that are not connected to a clock source.


9. checking loops
-----------------
 There are 0 combinational loops in the design.


10. checking partial_input_delay
--------------------------------
 There are 0 input ports with partial input delay specified.


11. checking partial_output_delay
---------------------------------
 There are 0 ports with partial output delay specified.


12. checking latch_loops
------------------------
 There are 0 combinational latch loops in the design through latch input



------------------------------------------------------------------------------------------------
| Design Timing Summary
| ---------------------
------------------------------------------------------------------------------------------------

    WNS(ns)      TNS(ns)  TNS Failing Endpoints  TNS Total Endpoints      WHS(ns)      THS(ns)  THS Failing Endpoints  THS Total Endpoints     WPWS(ns)     TPWS(ns)  TPWS Failing Endpoints  TPWS Total Endpoints  
    -------      -------  ---------------------  -------------------      -------      -------  ---------------------  -------------------     --------     --------  ----------------------  --------------------  
     16.888        0.000                      0                  222        0.049        0.000                      0                  222        9.500        0.000                       0                   143  


All user specified timing constraints are met.


------------------------------------------------------------------------------------------------
| Clock Summary
| -------------
------------------------------------------------------------------------------------------------

Clock        Waveform(ns)       Period(ns)      Frequency(MHz)
-----        ------------       ----------      --------------
clk_11M0592  {0.000 45.211}     90.422          11.059          
clk_50M      {0.000 10.000}     20.000          50.000          


------------------------------------------------------------------------------------------------
| Intra Clock Table
| -----------------
------------------------------------------------------------------------------------------------

Clock             WNS(ns)      TNS(ns)  TNS Failing Endpoints  TNS Total Endpoints      WHS(ns)      THS(ns)  THS Failing Endpoints  THS Total Endpoints     WPWS(ns)     TPWS(ns)  TPWS Failing Endpoints  TPWS Total Endpoints  
-----             -------      -------  ---------------------  -------------------      -------      -------  ---------------------  -------------------     --------     --------  ----------------------  --------------------  
clk_50M            16.888        0.000                      0                  222        0.049        0.000                      0                  222        9.500        0.000                       0                   143  


------------------------------------------------------------------------------------------------
| Inter Clock Table
| -----------------
------------------------------------------------------------------------------------------------

From Clock    To Clock          WNS(ns)      TNS(ns)  TNS Failing Endpoints  TNS Total Endpoints      WHS(ns)      THS(ns)  THS Failing Endpoints  THS Total Endpoints  
----------    --------          -------      -------  ---------------------  -------------------      -------      -------  ---------------------  -------------------  


------------------------------------------------------------------------------------------------
| Other Path Groups Table
| -----------------------
------------------------------------------------------------------------------------------------

Path Group    From Clock    To Clock          WNS(ns)      TNS(ns)  TNS Failing Endpoints  TNS Total Endpoints      WHS(ns)      THS(ns)  THS Failing Endpoints  THS Total Endpoints  
----------    ----------    --------          -------      -------  ---------------------  -------------------      -------      -------  ---------------------  -------------------  


------------------------------------------------------------------------------------------------
| Timing Details
| --------------
------------------------------------------------------------------------------------------------


---------------------------------------------------------------------------------------------------
From Clock:  clk_50M
  To Clock:  clk_50M

Setup :            0  Failing Endpoints,  Worst Slack       16.888ns,  Total Violation        0.000ns
Hold  :            0  Failing Endpoints,  Worst Slack        0.049ns,  Total Violation        0.000ns
PW    :            0  Failing Endpoints,  Worst Slack        9.500ns,  Total Violation        0.000ns
---------------------------------------------------------------------------------------------------


Max Delay Paths
--------------------------------------------------------------------------------------
Slack (MET) :             16.888ns  (required time - arrival time)
  Source:                 vga800x600at75/hdata_reg[4]/C
                            (rising edge-triggered cell FDRE clocked by clk_50M  {rise@0.000ns fall@10.000ns period=20.000ns})
  Destination:            vga800x600at75/vdata_reg[1]/CE
                            (rising edge-triggered cell FDRE clocked by clk_50M  {rise@0.000ns fall@10.000ns period=20.000ns})
  Path Group:             clk_50M
  Path Type:              Setup (Max at Slow Process Corner)
  Requirement:            20.000ns  (clk_50M rise@20.000ns - clk_50M rise@0.000ns)
  Data Path Delay:        2.861ns  (logic 0.589ns (20.584%)  route 2.272ns (79.416%))
  Logic Levels:           2  (LUT4=1 LUT6=1)
  Clock Path Skew:        -0.047ns (DCD - SCD + CPR)
    Destination Clock Delay (DCD):    4.702ns = ( 24.702 - 20.000 ) 
    Source Clock Delay      (SCD):    4.988ns
    Clock Pessimism Removal (CPR):    0.239ns
  Clock Uncertainty:      0.035ns  ((TSJ^2 + TIJ^2)^1/2 + DJ) / 2 + PE
    Total System Jitter     (TSJ):    0.071ns
    Total Input Jitter      (TIJ):    0.000ns
    Discrete Jitter          (DJ):    0.000ns
    Phase Error              (PE):    0.000ns

    Location             Delay type                Incr(ns)  Path(ns)    Netlist Resource(s)
  -------------------------------------------------------------------    -------------------
                         (clock clk_50M rise edge)    0.000     0.000 r  
    D18                                               0.000     0.000 r  clk_50M (IN)
                         net (fo=0)                   0.000     0.000    clk_50M
    D18                  IBUF (Prop_ibuf_I_O)         1.465     1.465 r  clk_50M_IBUF_inst/O
                         net (fo=1, routed)           1.982     3.447    video_clk_OBUF
    BUFGCTRL_X0Y16       BUFG (Prop_bufg_I_O)         0.081     3.528 r  video_clk_OBUF_BUFG_inst/O
                         net (fo=143, routed)         1.461     4.988    vga800x600at75/video_clk_OBUF_BUFG
    SLICE_X1Y96          FDRE                                         r  vga800x600at75/hdata_reg[4]/C
  -------------------------------------------------------------------    -------------------
    SLICE_X1Y96          FDRE (Prop_fdre_C_Q)         0.379     5.367 f  vga800x600at75/hdata_reg[4]/Q
                         net (fo=4, routed)           0.706     6.073    vga800x600at75/hdata[4]
    SLICE_X2Y97          LUT4 (Prop_lut4_I0_O)        0.105     6.178 r  vga800x600at75/video_red_OBUF[2]_inst_i_3/O
                         net (fo=5, routed)           0.861     7.039    vga800x600at75/video_red_OBUF[2]_inst_i_3_n_0
    SLICE_X2Y96          LUT6 (Prop_lut6_I0_O)        0.105     7.144 r  vga800x600at75/hdata[11]_i_1/O
                         net (fo=22, routed)          0.706     7.850    vga800x600at75/vdata
    SLICE_X4Y94          FDRE                                         r  vga800x600at75/vdata_reg[1]/CE
  -------------------------------------------------------------------    -------------------

                         (clock clk_50M rise edge)   20.000    20.000 r  
    D18                                               0.000    20.000 r  clk_50M (IN)
                         net (fo=0)                   0.000    20.000    clk_50M
    D18                  IBUF (Prop_ibuf_I_O)         1.398    21.398 r  clk_50M_IBUF_inst/O
                         net (fo=1, routed)           1.880    23.278    video_clk_OBUF
    BUFGCTRL_X0Y16       BUFG (Prop_bufg_I_O)         0.077    23.355 r  video_clk_OBUF_BUFG_inst/O
                         net (fo=143, routed)         1.347    24.702    vga800x600at75/video_clk_OBUF_BUFG
    SLICE_X4Y94          FDRE                                         r  vga800x600at75/vdata_reg[1]/C
                         clock pessimism              0.239    24.941    
                         clock uncertainty           -0.035    24.906    
    SLICE_X4Y94          FDRE (Setup_fdre_C_CE)      -0.168    24.738    vga800x600at75/vdata_reg[1]
  -------------------------------------------------------------------
                         required time                         24.738    
                         arrival time                          -7.850    
  -------------------------------------------------------------------
                         slack                                 16.888    





Min Delay Paths
--------------------------------------------------------------------------------------
Slack (MET) :             0.049ns  (arrival time - required time)
  Source:                 ext_uart_r/tickgen/Acc_reg[4]/C
                            (rising edge-triggered cell FDRE clocked by clk_50M  {rise@0.000ns fall@10.000ns period=20.000ns})
  Destination:            ext_uart_r/tickgen/Acc_reg[9]/D
                            (rising edge-triggered cell FDRE clocked by clk_50M  {rise@0.000ns fall@10.000ns period=20.000ns})
  Path Group:             clk_50M
  Path Type:              Hold (Min at Fast Process Corner)
  Requirement:            0.000ns  (clk_50M rise@0.000ns - clk_50M rise@0.000ns)
  Data Path Delay:        0.419ns  (logic 0.347ns (82.876%)  route 0.072ns (17.124%))
  Logic Levels:           3  (CARRY4=3)
  Clock Path Skew:        0.265ns (DCD - SCD - CPR)
    Destination Clock Delay (DCD):    2.258ns
    Source Clock Delay      (SCD):    1.738ns
    Clock Pessimism Removal (CPR):    0.254ns

    Location             Delay type                Incr(ns)  Path(ns)    Netlist Resource(s)
  -------------------------------------------------------------------    -------------------
                         (clock clk_50M rise edge)    0.000     0.000 r  
    D18                                               0.000     0.000 r  clk_50M (IN)
                         net (fo=0)                   0.000     0.000    clk_50M
    D18                  IBUF (Prop_ibuf_I_O)         0.301     0.301 r  clk_50M_IBUF_inst/O
                         net (fo=1, routed)           0.808     1.109    video_clk_OBUF
    BUFGCTRL_X0Y16       BUFG (Prop_bufg_I_O)         0.026     1.135 r  video_clk_OBUF_BUFG_inst/O
                         net (fo=143, routed)         0.604     1.738    ext_uart_r/tickgen/video_clk_OBUF_BUFG
    SLICE_X4Y98          FDRE                                         r  ext_uart_r/tickgen/Acc_reg[4]/C
  -------------------------------------------------------------------    -------------------
    SLICE_X4Y98          FDRE (Prop_fdre_C_Q)         0.141     1.879 r  ext_uart_r/tickgen/Acc_reg[4]/Q
                         net (fo=2, routed)           0.071     1.950    ext_uart_r/tickgen/Acc[4]
    SLICE_X4Y98          CARRY4 (Prop_carry4_DI[3]_CO[3])
                                                      0.113     2.063 r  ext_uart_r/tickgen/Acc_reg[4]_i_1/CO[3]
                         net (fo=1, routed)           0.000     2.063    ext_uart_r/tickgen/Acc_reg[4]_i_1_n_0
    SLICE_X4Y99          CARRY4 (Prop_carry4_CI_CO[3])
                                                      0.039     2.102 r  ext_uart_r/tickgen/Acc_reg[8]_i_1/CO[3]
                         net (fo=1, routed)           0.001     2.103    ext_uart_r/tickgen/Acc_reg[8]_i_1_n_0
    SLICE_X4Y100         CARRY4 (Prop_carry4_CI_O[0])
                                                      0.054     2.157 r  ext_uart_r/tickgen/Acc_reg[12]_i_1/O[0]
                         net (fo=1, routed)           0.000     2.157    ext_uart_r/tickgen/p_1_in[9]
    SLICE_X4Y100         FDRE                                         r  ext_uart_r/tickgen/Acc_reg[9]/D
  -------------------------------------------------------------------    -------------------

                         (clock clk_50M rise edge)    0.000     0.000 r  
    D18                                               0.000     0.000 r  clk_50M (IN)
                         net (fo=0)                   0.000     0.000    clk_50M
    D18                  IBUF (Prop_ibuf_I_O)         0.489     0.489 r  clk_50M_IBUF_inst/O
                         net (fo=1, routed)           0.871     1.360    video_clk_OBUF
    BUFGCTRL_X0Y16       BUFG (Prop_bufg_I_O)         0.029     1.389 r  video_clk_OBUF_BUFG_inst/O
                         net (fo=143, routed)         0.868     2.258    ext_uart_r/tickgen/video_clk_OBUF_BUFG
    SLICE_X4Y100         FDRE                                         r  ext_uart_r/tickgen/Acc_reg[9]/C
                         clock pessimism             -0.254     2.003    
    SLICE_X4Y100         FDRE (Hold_fdre_C_D)         0.105     2.108    ext_uart_r/tickgen/Acc_reg[9]
  -------------------------------------------------------------------
                         required time                         -2.108    
                         arrival time                           2.157    
  -------------------------------------------------------------------
                         slack                                  0.049    





Pulse Width Checks
--------------------------------------------------------------------------------------
Clock Name:         clk_50M
Waveform(ns):       { 0.000 10.000 }
Period(ns):         20.000
Sources:            { clk_50M }

Check Type        Corner  Lib Pin  Reference Pin  Required(ns)  Actual(ns)  Slack(ns)  Location        Pin
Min Period        n/a     BUFG/I   n/a            1.592         20.000      18.408     BUFGCTRL_X0Y16  video_clk_OBUF_BUFG_inst/I
Low Pulse Width   Slow    FDRE/C   n/a            0.500         10.000      9.500      SLICE_X49Y118   far_reg[11]/C
High Pulse Width  Slow    FDRE/C   n/a            0.500         10.000      9.500      SLICE_X7Y102    ext_uart_r/FSM_sequential_RxD_state_reg[0]/C



